ARM GAS  /var/folders/b2/rtzlkgjs6wl305mj2grjyhj80000gn/T//ccLCeP7m.s 			page 1


   1              		.cpu cortex-m4
   2              		.eabi_attribute 27, 1
   3              		.eabi_attribute 28, 1
   4              		.eabi_attribute 20, 1
   5              		.eabi_attribute 21, 1
   6              		.eabi_attribute 23, 3
   7              		.eabi_attribute 24, 1
   8              		.eabi_attribute 25, 1
   9              		.eabi_attribute 26, 1
  10              		.eabi_attribute 30, 1
  11              		.eabi_attribute 34, 1
  12              		.eabi_attribute 18, 4
  13              		.file	"can.c"
  14              		.text
  15              	.Ltext0:
  16              		.cfi_sections	.debug_frame
  17              		.section	.text.MX_CAN1_Init,"ax",%progbits
  18              		.align	1
  19              		.global	MX_CAN1_Init
  20              		.arch armv7e-m
  21              		.syntax unified
  22              		.thumb
  23              		.thumb_func
  24              		.fpu fpv4-sp-d16
  26              	MX_CAN1_Init:
  27              	.LFB134:
  28              		.file 1 "Core/Src/can.c"
   1:Core/Src/can.c **** /* USER CODE BEGIN Header */
   2:Core/Src/can.c **** /**
   3:Core/Src/can.c ****   ******************************************************************************
   4:Core/Src/can.c ****   * @file    can.c
   5:Core/Src/can.c ****   * @brief   This file provides code for the configuration
   6:Core/Src/can.c ****   *          of the CAN instances.
   7:Core/Src/can.c ****   ******************************************************************************
   8:Core/Src/can.c ****   * @attention
   9:Core/Src/can.c ****   *
  10:Core/Src/can.c ****   * Copyright (c) 2024 STMicroelectronics.
  11:Core/Src/can.c ****   * All rights reserved.
  12:Core/Src/can.c ****   *
  13:Core/Src/can.c ****   * This software is licensed under terms that can be found in the LICENSE file
  14:Core/Src/can.c ****   * in the root directory of this software component.
  15:Core/Src/can.c ****   * If no LICENSE file comes with this software, it is provided AS-IS.
  16:Core/Src/can.c ****   *
  17:Core/Src/can.c ****   ******************************************************************************
  18:Core/Src/can.c ****   */
  19:Core/Src/can.c **** /* USER CODE END Header */
  20:Core/Src/can.c **** /* Includes ------------------------------------------------------------------*/
  21:Core/Src/can.c **** #include "can.h"
  22:Core/Src/can.c **** 
  23:Core/Src/can.c **** /* USER CODE BEGIN 0 */
  24:Core/Src/can.c **** 
  25:Core/Src/can.c **** /* USER CODE END 0 */
  26:Core/Src/can.c **** 
  27:Core/Src/can.c **** CAN_HandleTypeDef hcan1;
  28:Core/Src/can.c **** 
  29:Core/Src/can.c **** /* CAN1 init function */
  30:Core/Src/can.c **** void MX_CAN1_Init(void)
ARM GAS  /var/folders/b2/rtzlkgjs6wl305mj2grjyhj80000gn/T//ccLCeP7m.s 			page 2


  31:Core/Src/can.c **** {
  29              		.loc 1 31 1 view -0
  30              		.cfi_startproc
  31              		@ args = 0, pretend = 0, frame = 0
  32              		@ frame_needed = 0, uses_anonymous_args = 0
  33 0000 08B5     		push	{r3, lr}
  34              	.LCFI0:
  35              		.cfi_def_cfa_offset 8
  36              		.cfi_offset 3, -8
  37              		.cfi_offset 14, -4
  32:Core/Src/can.c **** 
  33:Core/Src/can.c ****   /* USER CODE BEGIN CAN1_Init 0 */
  34:Core/Src/can.c **** 
  35:Core/Src/can.c ****   /* USER CODE END CAN1_Init 0 */
  36:Core/Src/can.c **** 
  37:Core/Src/can.c ****   /* USER CODE BEGIN CAN1_Init 1 */
  38:Core/Src/can.c **** 
  39:Core/Src/can.c ****   /* USER CODE END CAN1_Init 1 */
  40:Core/Src/can.c ****   hcan1.Instance = CAN1;
  38              		.loc 1 40 3 view .LVU1
  39              		.loc 1 40 18 is_stmt 0 view .LVU2
  40 0002 0C48     		ldr	r0, .L5
  41 0004 0C4B     		ldr	r3, .L5+4
  42 0006 0360     		str	r3, [r0]
  41:Core/Src/can.c ****   hcan1.Init.Prescaler = 5;
  43              		.loc 1 41 3 is_stmt 1 view .LVU3
  44              		.loc 1 41 24 is_stmt 0 view .LVU4
  45 0008 0523     		movs	r3, #5
  46 000a 4360     		str	r3, [r0, #4]
  42:Core/Src/can.c ****   hcan1.Init.Mode = CAN_MODE_NORMAL;
  47              		.loc 1 42 3 is_stmt 1 view .LVU5
  48              		.loc 1 42 19 is_stmt 0 view .LVU6
  49 000c 0023     		movs	r3, #0
  50 000e 8360     		str	r3, [r0, #8]
  43:Core/Src/can.c ****   hcan1.Init.SyncJumpWidth = CAN_SJW_1TQ;
  51              		.loc 1 43 3 is_stmt 1 view .LVU7
  52              		.loc 1 43 28 is_stmt 0 view .LVU8
  53 0010 C360     		str	r3, [r0, #12]
  44:Core/Src/can.c ****   hcan1.Init.TimeSeg1 = CAN_BS1_7TQ;
  54              		.loc 1 44 3 is_stmt 1 view .LVU9
  55              		.loc 1 44 23 is_stmt 0 view .LVU10
  56 0012 4FF4C022 		mov	r2, #393216
  57 0016 0261     		str	r2, [r0, #16]
  45:Core/Src/can.c ****   hcan1.Init.TimeSeg2 = CAN_BS2_1TQ;
  58              		.loc 1 45 3 is_stmt 1 view .LVU11
  59              		.loc 1 45 23 is_stmt 0 view .LVU12
  60 0018 4361     		str	r3, [r0, #20]
  46:Core/Src/can.c ****   hcan1.Init.TimeTriggeredMode = DISABLE;
  61              		.loc 1 46 3 is_stmt 1 view .LVU13
  62              		.loc 1 46 32 is_stmt 0 view .LVU14
  63 001a 0376     		strb	r3, [r0, #24]
  47:Core/Src/can.c ****   hcan1.Init.AutoBusOff = DISABLE;
  64              		.loc 1 47 3 is_stmt 1 view .LVU15
  65              		.loc 1 47 25 is_stmt 0 view .LVU16
  66 001c 4376     		strb	r3, [r0, #25]
  48:Core/Src/can.c ****   hcan1.Init.AutoWakeUp = DISABLE;
  67              		.loc 1 48 3 is_stmt 1 view .LVU17
ARM GAS  /var/folders/b2/rtzlkgjs6wl305mj2grjyhj80000gn/T//ccLCeP7m.s 			page 3


  68              		.loc 1 48 25 is_stmt 0 view .LVU18
  69 001e 8376     		strb	r3, [r0, #26]
  49:Core/Src/can.c ****   hcan1.Init.AutoRetransmission = DISABLE;
  70              		.loc 1 49 3 is_stmt 1 view .LVU19
  71              		.loc 1 49 33 is_stmt 0 view .LVU20
  72 0020 C376     		strb	r3, [r0, #27]
  50:Core/Src/can.c ****   hcan1.Init.ReceiveFifoLocked = DISABLE;
  73              		.loc 1 50 3 is_stmt 1 view .LVU21
  74              		.loc 1 50 32 is_stmt 0 view .LVU22
  75 0022 0377     		strb	r3, [r0, #28]
  51:Core/Src/can.c ****   hcan1.Init.TransmitFifoPriority = DISABLE;
  76              		.loc 1 51 3 is_stmt 1 view .LVU23
  77              		.loc 1 51 35 is_stmt 0 view .LVU24
  78 0024 4377     		strb	r3, [r0, #29]
  52:Core/Src/can.c ****   if (HAL_CAN_Init(&hcan1) != HAL_OK)
  79              		.loc 1 52 3 is_stmt 1 view .LVU25
  80              		.loc 1 52 7 is_stmt 0 view .LVU26
  81 0026 FFF7FEFF 		bl	HAL_CAN_Init
  82              	.LVL0:
  83              		.loc 1 52 6 view .LVU27
  84 002a 00B9     		cbnz	r0, .L4
  85              	.L1:
  53:Core/Src/can.c ****   {
  54:Core/Src/can.c ****     Error_Handler();
  55:Core/Src/can.c ****   }
  56:Core/Src/can.c ****   /* USER CODE BEGIN CAN1_Init 2 */
  57:Core/Src/can.c **** 
  58:Core/Src/can.c ****   /* USER CODE END CAN1_Init 2 */
  59:Core/Src/can.c **** 
  60:Core/Src/can.c **** }
  86              		.loc 1 60 1 view .LVU28
  87 002c 08BD     		pop	{r3, pc}
  88              	.L4:
  54:Core/Src/can.c ****   }
  89              		.loc 1 54 5 is_stmt 1 view .LVU29
  90 002e FFF7FEFF 		bl	Error_Handler
  91              	.LVL1:
  92              		.loc 1 60 1 is_stmt 0 view .LVU30
  93 0032 FBE7     		b	.L1
  94              	.L6:
  95              		.align	2
  96              	.L5:
  97 0034 00000000 		.word	.LANCHOR0
  98 0038 00640040 		.word	1073767424
  99              		.cfi_endproc
 100              	.LFE134:
 102              		.section	.text.HAL_CAN_MspInit,"ax",%progbits
 103              		.align	1
 104              		.global	HAL_CAN_MspInit
 105              		.syntax unified
 106              		.thumb
 107              		.thumb_func
 108              		.fpu fpv4-sp-d16
 110              	HAL_CAN_MspInit:
 111              	.LVL2:
 112              	.LFB135:
  61:Core/Src/can.c **** 
ARM GAS  /var/folders/b2/rtzlkgjs6wl305mj2grjyhj80000gn/T//ccLCeP7m.s 			page 4


  62:Core/Src/can.c **** void HAL_CAN_MspInit(CAN_HandleTypeDef* canHandle)
  63:Core/Src/can.c **** {
 113              		.loc 1 63 1 is_stmt 1 view -0
 114              		.cfi_startproc
 115              		@ args = 0, pretend = 0, frame = 32
 116              		@ frame_needed = 0, uses_anonymous_args = 0
 117              		.loc 1 63 1 is_stmt 0 view .LVU32
 118 0000 10B5     		push	{r4, lr}
 119              	.LCFI1:
 120              		.cfi_def_cfa_offset 8
 121              		.cfi_offset 4, -8
 122              		.cfi_offset 14, -4
 123 0002 88B0     		sub	sp, sp, #32
 124              	.LCFI2:
 125              		.cfi_def_cfa_offset 40
  64:Core/Src/can.c **** 
  65:Core/Src/can.c ****   GPIO_InitTypeDef GPIO_InitStruct = {0};
 126              		.loc 1 65 3 is_stmt 1 view .LVU33
 127              		.loc 1 65 20 is_stmt 0 view .LVU34
 128 0004 0023     		movs	r3, #0
 129 0006 0393     		str	r3, [sp, #12]
 130 0008 0493     		str	r3, [sp, #16]
 131 000a 0593     		str	r3, [sp, #20]
 132 000c 0693     		str	r3, [sp, #24]
 133 000e 0793     		str	r3, [sp, #28]
  66:Core/Src/can.c ****   if(canHandle->Instance==CAN1)
 134              		.loc 1 66 3 is_stmt 1 view .LVU35
 135              		.loc 1 66 15 is_stmt 0 view .LVU36
 136 0010 0268     		ldr	r2, [r0]
 137              		.loc 1 66 5 view .LVU37
 138 0012 214B     		ldr	r3, .L11
 139 0014 9A42     		cmp	r2, r3
 140 0016 01D0     		beq	.L10
 141              	.LVL3:
 142              	.L7:
  67:Core/Src/can.c ****   {
  68:Core/Src/can.c ****   /* USER CODE BEGIN CAN1_MspInit 0 */
  69:Core/Src/can.c **** 
  70:Core/Src/can.c ****   /* USER CODE END CAN1_MspInit 0 */
  71:Core/Src/can.c ****     /* CAN1 clock enable */
  72:Core/Src/can.c ****     __HAL_RCC_CAN1_CLK_ENABLE();
  73:Core/Src/can.c **** 
  74:Core/Src/can.c ****     __HAL_RCC_GPIOB_CLK_ENABLE();
  75:Core/Src/can.c ****     /**CAN1 GPIO Configuration
  76:Core/Src/can.c ****     PB8     ------> CAN1_RX
  77:Core/Src/can.c ****     PB9     ------> CAN1_TX
  78:Core/Src/can.c ****     */
  79:Core/Src/can.c ****     GPIO_InitStruct.Pin = GPIO_PIN_8|GPIO_PIN_9;
  80:Core/Src/can.c ****     GPIO_InitStruct.Mode = GPIO_MODE_AF_PP;
  81:Core/Src/can.c ****     GPIO_InitStruct.Pull = GPIO_NOPULL;
  82:Core/Src/can.c ****     GPIO_InitStruct.Speed = GPIO_SPEED_FREQ_VERY_HIGH;
  83:Core/Src/can.c ****     GPIO_InitStruct.Alternate = GPIO_AF9_CAN1;
  84:Core/Src/can.c ****     HAL_GPIO_Init(GPIOB, &GPIO_InitStruct);
  85:Core/Src/can.c **** 
  86:Core/Src/can.c ****     /* CAN1 interrupt Init */
  87:Core/Src/can.c ****     HAL_NVIC_SetPriority(CAN1_TX_IRQn, 0, 0);
  88:Core/Src/can.c ****     HAL_NVIC_EnableIRQ(CAN1_TX_IRQn);
ARM GAS  /var/folders/b2/rtzlkgjs6wl305mj2grjyhj80000gn/T//ccLCeP7m.s 			page 5


  89:Core/Src/can.c ****     HAL_NVIC_SetPriority(CAN1_RX0_IRQn, 0, 0);
  90:Core/Src/can.c ****     HAL_NVIC_EnableIRQ(CAN1_RX0_IRQn);
  91:Core/Src/can.c ****     HAL_NVIC_SetPriority(CAN1_RX1_IRQn, 0, 0);
  92:Core/Src/can.c ****     HAL_NVIC_EnableIRQ(CAN1_RX1_IRQn);
  93:Core/Src/can.c ****   /* USER CODE BEGIN CAN1_MspInit 1 */
  94:Core/Src/can.c **** 
  95:Core/Src/can.c ****   /* USER CODE END CAN1_MspInit 1 */
  96:Core/Src/can.c ****   }
  97:Core/Src/can.c **** }
 143              		.loc 1 97 1 view .LVU38
 144 0018 08B0     		add	sp, sp, #32
 145              	.LCFI3:
 146              		.cfi_remember_state
 147              		.cfi_def_cfa_offset 8
 148              		@ sp needed
 149 001a 10BD     		pop	{r4, pc}
 150              	.LVL4:
 151              	.L10:
 152              	.LCFI4:
 153              		.cfi_restore_state
  72:Core/Src/can.c **** 
 154              		.loc 1 72 5 is_stmt 1 view .LVU39
 155              	.LBB2:
  72:Core/Src/can.c **** 
 156              		.loc 1 72 5 view .LVU40
 157 001c 0024     		movs	r4, #0
 158 001e 0194     		str	r4, [sp, #4]
  72:Core/Src/can.c **** 
 159              		.loc 1 72 5 view .LVU41
 160 0020 03F5EA33 		add	r3, r3, #119808
 161 0024 1A6C     		ldr	r2, [r3, #64]
 162 0026 42F00072 		orr	r2, r2, #33554432
 163 002a 1A64     		str	r2, [r3, #64]
  72:Core/Src/can.c **** 
 164              		.loc 1 72 5 view .LVU42
 165 002c 1A6C     		ldr	r2, [r3, #64]
 166 002e 02F00072 		and	r2, r2, #33554432
 167 0032 0192     		str	r2, [sp, #4]
  72:Core/Src/can.c **** 
 168              		.loc 1 72 5 view .LVU43
 169 0034 019A     		ldr	r2, [sp, #4]
 170              	.LBE2:
  72:Core/Src/can.c **** 
 171              		.loc 1 72 5 view .LVU44
  74:Core/Src/can.c ****     /**CAN1 GPIO Configuration
 172              		.loc 1 74 5 view .LVU45
 173              	.LBB3:
  74:Core/Src/can.c ****     /**CAN1 GPIO Configuration
 174              		.loc 1 74 5 view .LVU46
 175 0036 0294     		str	r4, [sp, #8]
  74:Core/Src/can.c ****     /**CAN1 GPIO Configuration
 176              		.loc 1 74 5 view .LVU47
 177 0038 1A6B     		ldr	r2, [r3, #48]
 178 003a 42F00202 		orr	r2, r2, #2
 179 003e 1A63     		str	r2, [r3, #48]
  74:Core/Src/can.c ****     /**CAN1 GPIO Configuration
 180              		.loc 1 74 5 view .LVU48
ARM GAS  /var/folders/b2/rtzlkgjs6wl305mj2grjyhj80000gn/T//ccLCeP7m.s 			page 6


 181 0040 1B6B     		ldr	r3, [r3, #48]
 182 0042 03F00203 		and	r3, r3, #2
 183 0046 0293     		str	r3, [sp, #8]
  74:Core/Src/can.c ****     /**CAN1 GPIO Configuration
 184              		.loc 1 74 5 view .LVU49
 185 0048 029B     		ldr	r3, [sp, #8]
 186              	.LBE3:
  74:Core/Src/can.c ****     /**CAN1 GPIO Configuration
 187              		.loc 1 74 5 view .LVU50
  79:Core/Src/can.c ****     GPIO_InitStruct.Mode = GPIO_MODE_AF_PP;
 188              		.loc 1 79 5 view .LVU51
  79:Core/Src/can.c ****     GPIO_InitStruct.Mode = GPIO_MODE_AF_PP;
 189              		.loc 1 79 25 is_stmt 0 view .LVU52
 190 004a 4FF44073 		mov	r3, #768
 191 004e 0393     		str	r3, [sp, #12]
  80:Core/Src/can.c ****     GPIO_InitStruct.Pull = GPIO_NOPULL;
 192              		.loc 1 80 5 is_stmt 1 view .LVU53
  80:Core/Src/can.c ****     GPIO_InitStruct.Pull = GPIO_NOPULL;
 193              		.loc 1 80 26 is_stmt 0 view .LVU54
 194 0050 0223     		movs	r3, #2
 195 0052 0493     		str	r3, [sp, #16]
  81:Core/Src/can.c ****     GPIO_InitStruct.Speed = GPIO_SPEED_FREQ_VERY_HIGH;
 196              		.loc 1 81 5 is_stmt 1 view .LVU55
  82:Core/Src/can.c ****     GPIO_InitStruct.Alternate = GPIO_AF9_CAN1;
 197              		.loc 1 82 5 view .LVU56
  82:Core/Src/can.c ****     GPIO_InitStruct.Alternate = GPIO_AF9_CAN1;
 198              		.loc 1 82 27 is_stmt 0 view .LVU57
 199 0054 0323     		movs	r3, #3
 200 0056 0693     		str	r3, [sp, #24]
  83:Core/Src/can.c ****     HAL_GPIO_Init(GPIOB, &GPIO_InitStruct);
 201              		.loc 1 83 5 is_stmt 1 view .LVU58
  83:Core/Src/can.c ****     HAL_GPIO_Init(GPIOB, &GPIO_InitStruct);
 202              		.loc 1 83 31 is_stmt 0 view .LVU59
 203 0058 0923     		movs	r3, #9
 204 005a 0793     		str	r3, [sp, #28]
  84:Core/Src/can.c **** 
 205              		.loc 1 84 5 is_stmt 1 view .LVU60
 206 005c 03A9     		add	r1, sp, #12
 207 005e 0F48     		ldr	r0, .L11+4
 208              	.LVL5:
  84:Core/Src/can.c **** 
 209              		.loc 1 84 5 is_stmt 0 view .LVU61
 210 0060 FFF7FEFF 		bl	HAL_GPIO_Init
 211              	.LVL6:
  87:Core/Src/can.c ****     HAL_NVIC_EnableIRQ(CAN1_TX_IRQn);
 212              		.loc 1 87 5 is_stmt 1 view .LVU62
 213 0064 2246     		mov	r2, r4
 214 0066 2146     		mov	r1, r4
 215 0068 1320     		movs	r0, #19
 216 006a FFF7FEFF 		bl	HAL_NVIC_SetPriority
 217              	.LVL7:
  88:Core/Src/can.c ****     HAL_NVIC_SetPriority(CAN1_RX0_IRQn, 0, 0);
 218              		.loc 1 88 5 view .LVU63
 219 006e 1320     		movs	r0, #19
 220 0070 FFF7FEFF 		bl	HAL_NVIC_EnableIRQ
 221              	.LVL8:
  89:Core/Src/can.c ****     HAL_NVIC_EnableIRQ(CAN1_RX0_IRQn);
ARM GAS  /var/folders/b2/rtzlkgjs6wl305mj2grjyhj80000gn/T//ccLCeP7m.s 			page 7


 222              		.loc 1 89 5 view .LVU64
 223 0074 2246     		mov	r2, r4
 224 0076 2146     		mov	r1, r4
 225 0078 1420     		movs	r0, #20
 226 007a FFF7FEFF 		bl	HAL_NVIC_SetPriority
 227              	.LVL9:
  90:Core/Src/can.c ****     HAL_NVIC_SetPriority(CAN1_RX1_IRQn, 0, 0);
 228              		.loc 1 90 5 view .LVU65
 229 007e 1420     		movs	r0, #20
 230 0080 FFF7FEFF 		bl	HAL_NVIC_EnableIRQ
 231              	.LVL10:
  91:Core/Src/can.c ****     HAL_NVIC_EnableIRQ(CAN1_RX1_IRQn);
 232              		.loc 1 91 5 view .LVU66
 233 0084 2246     		mov	r2, r4
 234 0086 2146     		mov	r1, r4
 235 0088 1520     		movs	r0, #21
 236 008a FFF7FEFF 		bl	HAL_NVIC_SetPriority
 237              	.LVL11:
  92:Core/Src/can.c ****   /* USER CODE BEGIN CAN1_MspInit 1 */
 238              		.loc 1 92 5 view .LVU67
 239 008e 1520     		movs	r0, #21
 240 0090 FFF7FEFF 		bl	HAL_NVIC_EnableIRQ
 241              	.LVL12:
 242              		.loc 1 97 1 is_stmt 0 view .LVU68
 243 0094 C0E7     		b	.L7
 244              	.L12:
 245 0096 00BF     		.align	2
 246              	.L11:
 247 0098 00640040 		.word	1073767424
 248 009c 00040240 		.word	1073873920
 249              		.cfi_endproc
 250              	.LFE135:
 252              		.section	.text.HAL_CAN_MspDeInit,"ax",%progbits
 253              		.align	1
 254              		.global	HAL_CAN_MspDeInit
 255              		.syntax unified
 256              		.thumb
 257              		.thumb_func
 258              		.fpu fpv4-sp-d16
 260              	HAL_CAN_MspDeInit:
 261              	.LVL13:
 262              	.LFB136:
  98:Core/Src/can.c **** 
  99:Core/Src/can.c **** void HAL_CAN_MspDeInit(CAN_HandleTypeDef* canHandle)
 100:Core/Src/can.c **** {
 263              		.loc 1 100 1 is_stmt 1 view -0
 264              		.cfi_startproc
 265              		@ args = 0, pretend = 0, frame = 0
 266              		@ frame_needed = 0, uses_anonymous_args = 0
 267              		.loc 1 100 1 is_stmt 0 view .LVU70
 268 0000 08B5     		push	{r3, lr}
 269              	.LCFI5:
 270              		.cfi_def_cfa_offset 8
 271              		.cfi_offset 3, -8
 272              		.cfi_offset 14, -4
 101:Core/Src/can.c **** 
 102:Core/Src/can.c ****   if(canHandle->Instance==CAN1)
ARM GAS  /var/folders/b2/rtzlkgjs6wl305mj2grjyhj80000gn/T//ccLCeP7m.s 			page 8


 273              		.loc 1 102 3 is_stmt 1 view .LVU71
 274              		.loc 1 102 15 is_stmt 0 view .LVU72
 275 0002 0268     		ldr	r2, [r0]
 276              		.loc 1 102 5 view .LVU73
 277 0004 0B4B     		ldr	r3, .L17
 278 0006 9A42     		cmp	r2, r3
 279 0008 00D0     		beq	.L16
 280              	.LVL14:
 281              	.L13:
 103:Core/Src/can.c ****   {
 104:Core/Src/can.c ****   /* USER CODE BEGIN CAN1_MspDeInit 0 */
 105:Core/Src/can.c **** 
 106:Core/Src/can.c ****   /* USER CODE END CAN1_MspDeInit 0 */
 107:Core/Src/can.c ****     /* Peripheral clock disable */
 108:Core/Src/can.c ****     __HAL_RCC_CAN1_CLK_DISABLE();
 109:Core/Src/can.c **** 
 110:Core/Src/can.c ****     /**CAN1 GPIO Configuration
 111:Core/Src/can.c ****     PB8     ------> CAN1_RX
 112:Core/Src/can.c ****     PB9     ------> CAN1_TX
 113:Core/Src/can.c ****     */
 114:Core/Src/can.c ****     HAL_GPIO_DeInit(GPIOB, GPIO_PIN_8|GPIO_PIN_9);
 115:Core/Src/can.c **** 
 116:Core/Src/can.c ****     /* CAN1 interrupt Deinit */
 117:Core/Src/can.c ****     HAL_NVIC_DisableIRQ(CAN1_TX_IRQn);
 118:Core/Src/can.c ****     HAL_NVIC_DisableIRQ(CAN1_RX0_IRQn);
 119:Core/Src/can.c ****     HAL_NVIC_DisableIRQ(CAN1_RX1_IRQn);
 120:Core/Src/can.c ****   /* USER CODE BEGIN CAN1_MspDeInit 1 */
 121:Core/Src/can.c **** 
 122:Core/Src/can.c ****   /* USER CODE END CAN1_MspDeInit 1 */
 123:Core/Src/can.c ****   }
 124:Core/Src/can.c **** }
 282              		.loc 1 124 1 view .LVU74
 283 000a 08BD     		pop	{r3, pc}
 284              	.LVL15:
 285              	.L16:
 108:Core/Src/can.c **** 
 286              		.loc 1 108 5 is_stmt 1 view .LVU75
 287 000c 0A4A     		ldr	r2, .L17+4
 288 000e 136C     		ldr	r3, [r2, #64]
 289 0010 23F00073 		bic	r3, r3, #33554432
 290 0014 1364     		str	r3, [r2, #64]
 114:Core/Src/can.c **** 
 291              		.loc 1 114 5 view .LVU76
 292 0016 4FF44071 		mov	r1, #768
 293 001a 0848     		ldr	r0, .L17+8
 294              	.LVL16:
 114:Core/Src/can.c **** 
 295              		.loc 1 114 5 is_stmt 0 view .LVU77
 296 001c FFF7FEFF 		bl	HAL_GPIO_DeInit
 297              	.LVL17:
 117:Core/Src/can.c ****     HAL_NVIC_DisableIRQ(CAN1_RX0_IRQn);
 298              		.loc 1 117 5 is_stmt 1 view .LVU78
 299 0020 1320     		movs	r0, #19
 300 0022 FFF7FEFF 		bl	HAL_NVIC_DisableIRQ
 301              	.LVL18:
 118:Core/Src/can.c ****     HAL_NVIC_DisableIRQ(CAN1_RX1_IRQn);
 302              		.loc 1 118 5 view .LVU79
ARM GAS  /var/folders/b2/rtzlkgjs6wl305mj2grjyhj80000gn/T//ccLCeP7m.s 			page 9


 303 0026 1420     		movs	r0, #20
 304 0028 FFF7FEFF 		bl	HAL_NVIC_DisableIRQ
 305              	.LVL19:
 119:Core/Src/can.c ****   /* USER CODE BEGIN CAN1_MspDeInit 1 */
 306              		.loc 1 119 5 view .LVU80
 307 002c 1520     		movs	r0, #21
 308 002e FFF7FEFF 		bl	HAL_NVIC_DisableIRQ
 309              	.LVL20:
 310              		.loc 1 124 1 is_stmt 0 view .LVU81
 311 0032 EAE7     		b	.L13
 312              	.L18:
 313              		.align	2
 314              	.L17:
 315 0034 00640040 		.word	1073767424
 316 0038 00380240 		.word	1073887232
 317 003c 00040240 		.word	1073873920
 318              		.cfi_endproc
 319              	.LFE136:
 321              		.global	hcan1
 322              		.section	.bss.hcan1,"aw",%nobits
 323              		.align	2
 324              		.set	.LANCHOR0,. + 0
 327              	hcan1:
 328 0000 00000000 		.space	40
 328      00000000 
 328      00000000 
 328      00000000 
 328      00000000 
 329              		.text
 330              	.Letext0:
 331              		.file 2 "/opt/homebrew/Cellar/arm-none-eabi-gcc/10.3-2021.07/gcc/arm-none-eabi/include/machine/_de
 332              		.file 3 "/opt/homebrew/Cellar/arm-none-eabi-gcc/10.3-2021.07/gcc/arm-none-eabi/include/sys/_stdint
 333              		.file 4 "Drivers/CMSIS/Device/ST/STM32F4xx/Include/stm32f446xx.h"
 334              		.file 5 "Drivers/CMSIS/Device/ST/STM32F4xx/Include/stm32f4xx.h"
 335              		.file 6 "Drivers/STM32F4xx_HAL_Driver/Inc/stm32f4xx_hal_def.h"
 336              		.file 7 "Drivers/STM32F4xx_HAL_Driver/Inc/stm32f4xx_hal_gpio.h"
 337              		.file 8 "Drivers/STM32F4xx_HAL_Driver/Inc/stm32f4xx_hal_can.h"
 338              		.file 9 "Drivers/STM32F4xx_HAL_Driver/Inc/stm32f4xx_hal_cortex.h"
 339              		.file 10 "Core/Inc/main.h"
 340              		.file 11 "Core/Inc/can.h"
ARM GAS  /var/folders/b2/rtzlkgjs6wl305mj2grjyhj80000gn/T//ccLCeP7m.s 			page 10


DEFINED SYMBOLS
                            *ABS*:0000000000000000 can.c
/var/folders/b2/rtzlkgjs6wl305mj2grjyhj80000gn/T//ccLCeP7m.s:18     .text.MX_CAN1_Init:0000000000000000 $t
/var/folders/b2/rtzlkgjs6wl305mj2grjyhj80000gn/T//ccLCeP7m.s:26     .text.MX_CAN1_Init:0000000000000000 MX_CAN1_Init
/var/folders/b2/rtzlkgjs6wl305mj2grjyhj80000gn/T//ccLCeP7m.s:97     .text.MX_CAN1_Init:0000000000000034 $d
/var/folders/b2/rtzlkgjs6wl305mj2grjyhj80000gn/T//ccLCeP7m.s:103    .text.HAL_CAN_MspInit:0000000000000000 $t
/var/folders/b2/rtzlkgjs6wl305mj2grjyhj80000gn/T//ccLCeP7m.s:110    .text.HAL_CAN_MspInit:0000000000000000 HAL_CAN_MspInit
/var/folders/b2/rtzlkgjs6wl305mj2grjyhj80000gn/T//ccLCeP7m.s:247    .text.HAL_CAN_MspInit:0000000000000098 $d
/var/folders/b2/rtzlkgjs6wl305mj2grjyhj80000gn/T//ccLCeP7m.s:253    .text.HAL_CAN_MspDeInit:0000000000000000 $t
/var/folders/b2/rtzlkgjs6wl305mj2grjyhj80000gn/T//ccLCeP7m.s:260    .text.HAL_CAN_MspDeInit:0000000000000000 HAL_CAN_MspDeInit
/var/folders/b2/rtzlkgjs6wl305mj2grjyhj80000gn/T//ccLCeP7m.s:315    .text.HAL_CAN_MspDeInit:0000000000000034 $d
/var/folders/b2/rtzlkgjs6wl305mj2grjyhj80000gn/T//ccLCeP7m.s:327    .bss.hcan1:0000000000000000 hcan1
/var/folders/b2/rtzlkgjs6wl305mj2grjyhj80000gn/T//ccLCeP7m.s:323    .bss.hcan1:0000000000000000 $d

UNDEFINED SYMBOLS
HAL_CAN_Init
Error_Handler
HAL_GPIO_Init
HAL_NVIC_SetPriority
HAL_NVIC_EnableIRQ
HAL_GPIO_DeInit
HAL_NVIC_DisableIRQ
